<?xml version="1.0" ?>
<coverage version="7.14.1" timestamp="1781955243860" lines-valid="174" lines-covered="150" line-rate="0.8621" branches-covered="0" branches-valid="0" branch-rate="0" complexity="0">
	<!-- Generated by coverage.py: https://coverage.readthedocs.io/en/7.14.1 -->
	<!-- Based on https://raw.githubusercontent.com/cobertura/web/master/htdocs/xml/coverage-04.dtd -->
	<sources>
		<source>/home/vivi/pixelated/ai</source>
	</sources>
	<packages>
		<package name="training" line-rate="0.8621" branch-rate="0" complexity="0">
			<classes>
				<class name="clinical_validity_scorer.py" filename="training/clinical_validity_scorer.py" complexity="0" line-rate="0.8621" branch-rate="0">
					<methods/>
					<lines>
						<line number="18" hits="1"/>
						<line number="20" hits="1"/>
						<line number="21" hits="1"/>
						<line number="22" hits="1"/>
						<line number="23" hits="1"/>
						<line number="24" hits="1"/>
						<line number="27" hits="1"/>
						<line number="28" hits="1"/>
						<line number="32" hits="1"/>
						<line number="46" hits="1"/>
						<line number="49" hits="1"/>
						<line number="61" hits="1"/>
						<line number="63" hits="1"/>
						<line number="166" hits="1"/>
						<line number="202" hits="1"/>
						<line number="234" hits="1"/>
						<line number="247" hits="1"/>
						<line number="270" hits="1"/>
						<line number="372" hits="1"/>
						<line number="381" hits="1"/>
						<line number="391" hits="1"/>
						<line number="392" hits="1"/>
						<line number="395" hits="1"/>
						<line number="397" hits="1"/>
						<line number="398" hits="1"/>
						<line number="399" hits="1"/>
						<line number="400" hits="1"/>
						<line number="401" hits="1"/>
						<line number="402" hits="1"/>
						<line number="403" hits="1"/>
						<line number="404" hits="1"/>
						<line number="406" hits="1"/>
						<line number="407" hits="1"/>
						<line number="408" hits="1"/>
						<line number="409" hits="0"/>
						<line number="410" hits="1"/>
						<line number="411" hits="1"/>
						<line number="412" hits="1"/>
						<line number="413" hits="1"/>
						<line number="414" hits="1"/>
						<line number="415" hits="1"/>
						<line number="416" hits="1"/>
						<line number="417" hits="1"/>
						<line number="418" hits="1"/>
						<line number="420" hits="1"/>
						<line number="421" hits="1"/>
						<line number="427" hits="1"/>
						<line number="428" hits="0"/>
						<line number="429" hits="1"/>
						<line number="430" hits="1"/>
						<line number="431" hits="1"/>
						<line number="432" hits="1"/>
						<line number="433" hits="1"/>
						<line number="434" hits="1"/>
						<line number="435" hits="1"/>
						<line number="436" hits="1"/>
						<line number="440" hits="1"/>
						<line number="444" hits="1"/>
						<line number="445" hits="1"/>
						<line number="451" hits="1"/>
						<line number="453" hits="1"/>
						<line number="455" hits="1"/>
						<line number="456" hits="1"/>
						<line number="467" hits="1"/>
						<line number="468" hits="1"/>
						<line number="469" hits="1"/>
						<line number="470" hits="1"/>
						<line number="471" hits="1"/>
						<line number="472" hits="1"/>
						<line number="474" hits="1"/>
						<line number="475" hits="1"/>
						<line number="480" hits="1"/>
						<line number="481" hits="1"/>
						<line number="482" hits="1"/>
						<line number="484" hits="1"/>
						<line number="485" hits="1"/>
						<line number="497" hits="1"/>
						<line number="498" hits="1"/>
						<line number="499" hits="1"/>
						<line number="500" hits="1"/>
						<line number="501" hits="1"/>
						<line number="502" hits="1"/>
						<line number="503" hits="1"/>
						<line number="505" hits="1"/>
						<line number="506" hits="1"/>
						<line number="508" hits="1"/>
						<line number="509" hits="1"/>
						<line number="510" hits="1"/>
						<line number="511" hits="1"/>
						<line number="512" hits="1"/>
						<line number="513" hits="1"/>
						<line number="514" hits="1"/>
						<line number="516" hits="1"/>
						<line number="517" hits="1"/>
						<line number="519" hits="1"/>
						<line number="520" hits="0"/>
						<line number="521" hits="1"/>
						<line number="522" hits="1"/>
						<line number="523" hits="1"/>
						<line number="525" hits="1"/>
						<line number="526" hits="1"/>
						<line number="528" hits="1"/>
						<line number="529" hits="1"/>
						<line number="530" hits="1"/>
						<line number="531" hits="1"/>
						<line number="532" hits="1"/>
						<line number="533" hits="1"/>
						<line number="535" hits="1"/>
						<line number="536" hits="1"/>
						<line number="538" hits="1"/>
						<line number="539" hits="1"/>
						<line number="540" hits="0"/>
						<line number="541" hits="0"/>
						<line number="542" hits="1"/>
						<line number="543" hits="1"/>
						<line number="544" hits="1"/>
						<line number="545" hits="1"/>
						<line number="546" hits="1"/>
						<line number="547" hits="1"/>
						<line number="548" hits="1"/>
						<line number="549" hits="1"/>
						<line number="550" hits="1"/>
						<line number="551" hits="1"/>
						<line number="553" hits="1"/>
						<line number="554" hits="1"/>
						<line number="560" hits="1"/>
						<line number="561" hits="1"/>
						<line number="567" hits="1"/>
						<line number="568" hits="1"/>
						<line number="569" hits="1"/>
						<line number="576" hits="1"/>
						<line number="577" hits="1"/>
						<line number="586" hits="1"/>
						<line number="588" hits="1"/>
						<line number="589" hits="1"/>
						<line number="599" hits="1"/>
						<line number="600" hits="1"/>
						<line number="602" hits="1"/>
						<line number="603" hits="1"/>
						<line number="604" hits="1"/>
						<line number="605" hits="1"/>
						<line number="607" hits="1"/>
						<line number="608" hits="1"/>
						<line number="609" hits="1"/>
						<line number="610" hits="1"/>
						<line number="614" hits="1"/>
						<line number="616" hits="1"/>
						<line number="617" hits="1"/>
						<line number="625" hits="1"/>
						<line number="626" hits="1"/>
						<line number="627" hits="1"/>
						<line number="628" hits="1"/>
						<line number="629" hits="1"/>
						<line number="632" hits="1"/>
						<line number="639" hits="0"/>
						<line number="640" hits="0"/>
						<line number="641" hits="0"/>
						<line number="642" hits="0"/>
						<line number="644" hits="0"/>
						<line number="645" hits="0"/>
						<line number="646" hits="0"/>
						<line number="648" hits="0"/>
						<line number="649" hits="0"/>
						<line number="650" hits="0"/>
						<line number="651" hits="0"/>
						<line number="652" hits="0"/>
						<line number="654" hits="0"/>
						<line number="655" hits="0"/>
						<line number="657" hits="0"/>
						<line number="658" hits="0"/>
						<line number="663" hits="0"/>
						<line number="664" hits="0"/>
						<line number="667" hits="1"/>
						<line number="668" hits="0"/>
					</lines>
				</class>
			</classes>
		</package>
	</packages>
</coverage>
